[ 2023-01-10 11:45:45,686 ] 18 root - INFO - >>>>>>>>>>>>>>>>>>>>>>>>>>>>>>>>>>>>>>>> Data Ingestion <<<<<<<<<<<<<<<<<<<<<<<<<<<<<<<<<<<<<<<<
[ 2023-01-10 11:45:45,687 ] 25 root - INFO - Exporting collection data as pandas dataframe
[ 2023-01-10 11:45:45,687 ] 21 root - INFO - Reading data from database: aps and collection: sensor
[ 2023-01-10 11:45:49,173 ] 23 root - INFO - Found columns: Index(['_id', 'class', 'aa_000', 'ab_000', 'ac_000', 'ad_000', 'ae_000',
       'af_000', 'ag_000', 'ag_001',
       ...
       'ee_002', 'ee_003', 'ee_004', 'ee_005', 'ee_006', 'ee_007', 'ee_008',
       'ee_009', 'ef_000', 'eg_000'],
      dtype='object', length=172)
[ 2023-01-10 11:45:49,174 ] 25 root - INFO - Dropping column: _id 
[ 2023-01-10 11:45:49,416 ] 27 root - INFO - Row and columns in df: (36188, 171)
[ 2023-01-10 11:45:49,416 ] 31 root - INFO - Save data in feature store
[ 2023-01-10 11:45:50,040 ] 37 root - INFO - Create feature store folder if not available
[ 2023-01-10 11:45:50,040 ] 41 root - INFO - Save df to feature store folder
[ 2023-01-10 11:45:52,639 ] 46 root - INFO - split dataset into train and test set
[ 2023-01-10 11:45:53,313 ] 50 root - INFO - create dataset directory folder if not available
[ 2023-01-10 11:45:53,313 ] 55 root - INFO - Save df to feature store folder
[ 2023-01-10 11:45:55,678 ] 67 root - INFO - Data ingestion artifact: DataIngestionArtifact(feature_store_file_path='/config/workspace/artifact/01-10-2023__11:45:45/data_ingestion/feature_store/sensor.csv', train_file_path='/config/workspace/artifact/01-10-2023__11:45:45/data_ingestion/dataset/train.csv', test_file_path='/config/workspace/artifact/01-10-2023__11:45:45/data_ingestion/dataset/test.csv')
[ 2023-01-10 11:45:56,150 ] 18 root - INFO - >>>>>>>>>>>>>>>>>>>>>>>>>>>>>>>>>>>>>>>> Data Validation <<<<<<<<<<<<<<<<<<<<<<<<<<<<<<<<<<<<<<<<
[ 2023-01-10 11:45:59,631 ] 38 root - INFO - electing the columns name with null value more than threshold
[ 2023-01-10 11:46:00,638 ] 44 root - INFO - Dropped columns ['ab_000', 'ad_000', 'bk_000', 'bl_000', 'bm_000', 'bn_000', 'bo_000', 'bp_000', 'bq_000', 'br_000', 'cf_000', 'cg_000', 'ch_000', 'co_000', 'cr_000', 'ct_000', 'cu_000', 'cv_000', 'cx_000', 'cy_000', 'cz_000', 'da_000', 'db_000', 'dc_000']
[ 2023-01-10 11:46:01,236 ] 38 root - INFO - electing the columns name with null value more than threshold
[ 2023-01-10 11:46:01,248 ] 44 root - INFO - Dropped columns ['ab_000', 'ad_000', 'bk_000', 'bl_000', 'bm_000', 'bn_000', 'bo_000', 'bp_000', 'bq_000', 'br_000', 'cf_000', 'cg_000', 'ch_000', 'co_000', 'cr_000', 'ct_000', 'cu_000', 'cv_000', 'cx_000', 'cy_000', 'cz_000', 'da_000', 'db_000', 'dc_000']
[ 2023-01-10 11:46:01,257 ] 38 root - INFO - electing the columns name with null value more than threshold
[ 2023-01-10 11:46:01,261 ] 44 root - INFO - Dropped columns ['ab_000', 'ad_000', 'bk_000', 'bl_000', 'bm_000', 'bn_000', 'bo_000', 'bp_000', 'bq_000', 'br_000', 'cf_000', 'cg_000', 'ch_000', 'co_000', 'cr_000', 'ct_000', 'cu_000', 'cv_000', 'cx_000', 'cy_000', 'cz_000', 'da_000', 'db_000', 'dc_000']
