[ 2023-01-11 22:28:07,032 ] 18 root - INFO - >>>>>>>>>>>>>>>>>>>>>>>>>>>>>>>>>>>>>>>> Data Ingestion <<<<<<<<<<<<<<<<<<<<<<<<<<<<<<<<<<<<<<<<
[ 2023-01-11 22:28:07,033 ] 25 root - INFO - Exporting collection data as pandas dataframe
[ 2023-01-11 22:28:07,033 ] 21 root - INFO - Reading data from database: aps and collection: sensor
[ 2023-01-11 22:28:10,521 ] 23 root - INFO - Found columns: Index(['_id', 'class', 'aa_000', 'ab_000', 'ac_000', 'ad_000', 'ae_000',
       'af_000', 'ag_000', 'ag_001',
       ...
       'ee_002', 'ee_003', 'ee_004', 'ee_005', 'ee_006', 'ee_007', 'ee_008',
       'ee_009', 'ef_000', 'eg_000'],
      dtype='object', length=172)
[ 2023-01-11 22:28:10,522 ] 25 root - INFO - Dropping column: _id 
[ 2023-01-11 22:28:10,770 ] 27 root - INFO - Row and columns in df: (36188, 171)
[ 2023-01-11 22:28:10,770 ] 31 root - INFO - Save data in feature store
[ 2023-01-11 22:28:11,418 ] 37 root - INFO - Create feature store folder if not available
[ 2023-01-11 22:28:11,418 ] 41 root - INFO - Save df to feature store folder
[ 2023-01-11 22:28:13,980 ] 46 root - INFO - split dataset into train and test set
[ 2023-01-11 22:28:14,700 ] 50 root - INFO - create dataset directory folder if not available
[ 2023-01-11 22:28:14,701 ] 55 root - INFO - Save df to feature store folder
[ 2023-01-11 22:28:16,907 ] 67 root - INFO - Data ingestion artifact: DataIngestionArtifact(feature_store_file_path='/config/workspace/artifact/01-11-2023__22:28:07/data_ingestion/feature_store/sensor.csv', train_file_path='/config/workspace/artifact/01-11-2023__22:28:07/data_ingestion/dataset/train.csv', test_file_path='/config/workspace/artifact/01-11-2023__22:28:07/data_ingestion/dataset/test.csv')
[ 2023-01-11 22:28:17,396 ] 18 root - INFO - >>>>>>>>>>>>>>>>>>>>>>>>>>>>>>>>>>>>>>>> Data Validation <<<<<<<<<<<<<<<<<<<<<<<<<<<<<<<<<<<<<<<<
[ 2023-01-11 22:28:20,303 ] 38 root - INFO - electing the columns name with null value more than threshold
[ 2023-01-11 22:28:21,283 ] 44 root - INFO - Dropped columns ['ab_000', 'ad_000', 'bk_000', 'bl_000', 'bm_000', 'bn_000', 'bo_000', 'bp_000', 'bq_000', 'br_000', 'cf_000', 'cg_000', 'ch_000', 'co_000', 'cr_000', 'ct_000', 'cu_000', 'cv_000', 'cx_000', 'cy_000', 'cz_000', 'da_000', 'db_000', 'dc_000']
[ 2023-01-11 22:28:21,885 ] 38 root - INFO - electing the columns name with null value more than threshold
[ 2023-01-11 22:28:21,897 ] 44 root - INFO - Dropped columns ['ab_000', 'ad_000', 'bk_000', 'bl_000', 'bm_000', 'bn_000', 'bo_000', 'bp_000', 'bq_000', 'br_000', 'cf_000', 'cg_000', 'ch_000', 'co_000', 'cr_000', 'ct_000', 'cu_000', 'cv_000', 'cx_000', 'cy_000', 'cz_000', 'da_000', 'db_000', 'dc_000']
[ 2023-01-11 22:28:21,906 ] 38 root - INFO - electing the columns name with null value more than threshold
[ 2023-01-11 22:28:21,910 ] 44 root - INFO - Dropped columns ['ab_000', 'ad_000', 'bk_000', 'bl_000', 'bm_000', 'bn_000', 'bo_000', 'bp_000', 'bq_000', 'br_000', 'cf_000', 'cg_000', 'ch_000', 'co_000', 'cr_000', 'ct_000', 'cu_000', 'cv_000', 'cx_000', 'cy_000', 'cz_000', 'da_000', 'db_000', 'dc_000']
