[ 2023-01-19 20:11:12,347 ] 18 root - INFO - >>>>>>>>>>>>>>>>>>>>>>>>>>>>>>>>>>>>>>>> Data Ingestion <<<<<<<<<<<<<<<<<<<<<<<<<<<<<<<<<<<<<<<<
[ 2023-01-19 20:11:12,347 ] 25 root - INFO - Exporting collection data as pandas dataframe
[ 2023-01-19 20:11:12,347 ] 22 root - INFO - Reading data from database: aps and collection: sensor
[ 2023-01-19 20:11:16,057 ] 24 root - INFO - Found columns: Index(['_id', 'class', 'aa_000', 'ab_000', 'ac_000', 'ad_000', 'ae_000',
       'af_000', 'ag_000', 'ag_001',
       ...
       'ee_002', 'ee_003', 'ee_004', 'ee_005', 'ee_006', 'ee_007', 'ee_008',
       'ee_009', 'ef_000', 'eg_000'],
      dtype='object', length=172)
[ 2023-01-19 20:11:16,057 ] 26 root - INFO - Dropping column: _id 
[ 2023-01-19 20:11:16,281 ] 28 root - INFO - Row and columns in df: (36188, 171)
[ 2023-01-19 20:11:16,281 ] 31 root - INFO - Save data in feature store
[ 2023-01-19 20:11:16,879 ] 37 root - INFO - Create feature store folder if not available
[ 2023-01-19 20:11:16,880 ] 41 root - INFO - Save df to feature store folder
[ 2023-01-19 20:11:19,498 ] 46 root - INFO - split dataset into train and test set
[ 2023-01-19 20:11:20,130 ] 50 root - INFO - create dataset directory folder if not available
[ 2023-01-19 20:11:20,131 ] 55 root - INFO - Save df to feature store folder
[ 2023-01-19 20:11:22,490 ] 67 root - INFO - Data ingestion artifact: DataIngestionArtifact(feature_store_file_path='/config/workspace/artifact/01192023__201112/data_ingestion/feature_store/sensor.csv', train_file_path='/config/workspace/artifact/01192023__201112/data_ingestion/dataset/train.csv', test_file_path='/config/workspace/artifact/01192023__201112/data_ingestion/dataset/test.csv')
[ 2023-01-19 20:11:22,930 ] 18 root - INFO - >>>>>>>>>>>>>>>>>>>>>>>>>>>>>>>>>>>>>>>> Data Validation <<<<<<<<<<<<<<<<<<<<<<<<<<<<<<<<<<<<<<<<
[ 2023-01-19 20:11:25,861 ] 38 root - INFO - electing the columns name with null value more than threshold
[ 2023-01-19 20:11:26,813 ] 44 root - INFO - Dropped columns ['ab_000', 'ad_000', 'bk_000', 'bl_000', 'bm_000', 'bn_000', 'bo_000', 'bp_000', 'bq_000', 'br_000', 'cf_000', 'cg_000', 'ch_000', 'co_000', 'cr_000', 'ct_000', 'cu_000', 'cv_000', 'cx_000', 'cy_000', 'cz_000', 'da_000', 'db_000', 'dc_000']
[ 2023-01-19 20:11:27,413 ] 38 root - INFO - electing the columns name with null value more than threshold
[ 2023-01-19 20:11:27,425 ] 44 root - INFO - Dropped columns ['ab_000', 'ad_000', 'bk_000', 'bl_000', 'bm_000', 'bn_000', 'bo_000', 'bp_000', 'bq_000', 'br_000', 'cf_000', 'cg_000', 'ch_000', 'co_000', 'cr_000', 'ct_000', 'cu_000', 'cv_000', 'cx_000', 'cy_000', 'cz_000', 'da_000', 'db_000', 'dc_000']
[ 2023-01-19 20:11:27,434 ] 38 root - INFO - electing the columns name with null value more than threshold
[ 2023-01-19 20:11:27,438 ] 44 root - INFO - Dropped columns ['ab_000', 'ad_000', 'bk_000', 'bl_000', 'bm_000', 'bn_000', 'bo_000', 'bp_000', 'bq_000', 'br_000', 'cf_000', 'cg_000', 'ch_000', 'co_000', 'cr_000', 'ct_000', 'cu_000', 'cv_000', 'cx_000', 'cy_000', 'cz_000', 'da_000', 'db_000', 'dc_000']
