[ 2023-01-20 18:56:45,987 ] 18 root - INFO - >>>>>>>>>>>>>>>>>>>>>>>>>>>>>>>>>>>>>>>> Data Ingestion <<<<<<<<<<<<<<<<<<<<<<<<<<<<<<<<<<<<<<<<
[ 2023-01-20 18:56:45,987 ] 25 root - INFO - Exporting collection data as pandas dataframe
[ 2023-01-20 18:56:45,987 ] 22 root - INFO - Reading data from database: aps and collection: sensor
[ 2023-01-20 18:56:49,350 ] 24 root - INFO - Found columns: Index(['_id', 'class', 'aa_000', 'ab_000', 'ac_000', 'ad_000', 'ae_000',
       'af_000', 'ag_000', 'ag_001',
       ...
       'ee_002', 'ee_003', 'ee_004', 'ee_005', 'ee_006', 'ee_007', 'ee_008',
       'ee_009', 'ef_000', 'eg_000'],
      dtype='object', length=172)
[ 2023-01-20 18:56:49,350 ] 26 root - INFO - Dropping column: _id 
[ 2023-01-20 18:56:49,544 ] 28 root - INFO - Row and columns in df: (36188, 171)
[ 2023-01-20 18:56:49,544 ] 31 root - INFO - Save data in feature store
[ 2023-01-20 18:56:50,075 ] 37 root - INFO - Create feature store folder if not available
[ 2023-01-20 18:56:50,076 ] 41 root - INFO - Save df to feature store folder
[ 2023-01-20 18:56:52,513 ] 46 root - INFO - split dataset into train and test set
[ 2023-01-20 18:56:53,024 ] 50 root - INFO - create dataset directory folder if not available
[ 2023-01-20 18:56:53,025 ] 55 root - INFO - Save df to feature store folder
[ 2023-01-20 18:56:55,218 ] 67 root - INFO - Data ingestion artifact: DataIngestionArtifact(feature_store_file_path='/config/workspace/artifact/01202023__185645/data_ingestion/feature_store/sensor.csv', train_file_path='/config/workspace/artifact/01202023__185645/data_ingestion/dataset/train.csv', test_file_path='/config/workspace/artifact/01202023__185645/data_ingestion/dataset/test.csv')
[ 2023-01-20 18:56:55,633 ] 18 root - INFO - >>>>>>>>>>>>>>>>>>>>>>>>>>>>>>>>>>>>>>>> Data Validation <<<<<<<<<<<<<<<<<<<<<<<<<<<<<<<<<<<<<<<<
[ 2023-01-20 18:56:58,493 ] 38 root - INFO - electing the columns name with null value more than threshold
[ 2023-01-20 18:56:59,422 ] 44 root - INFO - Dropped columns ['ab_000', 'ad_000', 'bk_000', 'bl_000', 'bm_000', 'bn_000', 'bo_000', 'bp_000', 'bq_000', 'br_000', 'cf_000', 'cg_000', 'ch_000', 'co_000', 'cr_000', 'ct_000', 'cu_000', 'cv_000', 'cx_000', 'cy_000', 'cz_000', 'da_000', 'db_000', 'dc_000']
[ 2023-01-20 18:57:00,028 ] 38 root - INFO - electing the columns name with null value more than threshold
[ 2023-01-20 18:57:00,040 ] 44 root - INFO - Dropped columns ['ab_000', 'ad_000', 'bk_000', 'bl_000', 'bm_000', 'bn_000', 'bo_000', 'bp_000', 'bq_000', 'br_000', 'cf_000', 'cg_000', 'ch_000', 'co_000', 'cr_000', 'ct_000', 'cu_000', 'cv_000', 'cx_000', 'cy_000', 'cz_000', 'da_000', 'db_000', 'dc_000']
[ 2023-01-20 18:57:00,049 ] 38 root - INFO - electing the columns name with null value more than threshold
[ 2023-01-20 18:57:00,053 ] 44 root - INFO - Dropped columns ['ab_000', 'ad_000', 'bk_000', 'bl_000', 'bm_000', 'bn_000', 'bo_000', 'bp_000', 'bq_000', 'br_000', 'cf_000', 'cg_000', 'ch_000', 'co_000', 'cr_000', 'ct_000', 'cu_000', 'cv_000', 'cx_000', 'cy_000', 'cz_000', 'da_000', 'db_000', 'dc_000']
[ 2023-01-20 18:57:10,042 ] 25 root - INFO - >>>>>>>>>>>>>>>>>>>>>>>>>>>>>>>>>>>>>>>> Data Transformation <<<<<<<<<<<<<<<<<<<<<<<<<<<<<<<<<<<<<<<<
[ 2023-01-20 18:57:10,942 ] 76 root - INFO - Before resampling in training set Input: (28950, 170) Target:(28950,)
[ 2023-01-20 18:57:16,289 ] 78 root - INFO - After resampling in training set Input: (56152, 170) Target:(56152,)
[ 2023-01-20 18:57:16,290 ] 80 root - INFO - Before resampling in testing set Input: (7238, 170) Target:(7238,)
[ 2023-01-20 18:57:17,006 ] 82 root - INFO - After resampling in testing set Input: (14072, 170) Target:(14072,)
