[ 2023-01-21 17:26:18,135 ] 18 root - INFO - >>>>>>>>>>>>>>>>>>>>>>>>>>>>>>>>>>>>>>>> Data Ingestion <<<<<<<<<<<<<<<<<<<<<<<<<<<<<<<<<<<<<<<<
[ 2023-01-21 17:26:18,135 ] 25 root - INFO - Exporting collection data as pandas dataframe
[ 2023-01-21 17:26:18,135 ] 23 root - INFO - Reading data from database: aps and collection: sensor
[ 2023-01-21 17:26:29,826 ] 25 root - INFO - Found columns: Index(['_id', 'class', 'aa_000', 'ab_000', 'ac_000', 'ad_000', 'ae_000',
       'af_000', 'ag_000', 'ag_001',
       ...
       'ee_002', 'ee_003', 'ee_004', 'ee_005', 'ee_006', 'ee_007', 'ee_008',
       'ee_009', 'ef_000', 'eg_000'],
      dtype='object', length=172)
[ 2023-01-21 17:26:29,828 ] 27 root - INFO - Dropping column: _id 
[ 2023-01-21 17:26:31,066 ] 29 root - INFO - Row and columns in df: (36188, 171)
[ 2023-01-21 17:26:31,067 ] 31 root - INFO - Save data in feature store
[ 2023-01-21 17:26:33,035 ] 37 root - INFO - Create feature store folder if not available
[ 2023-01-21 17:26:33,036 ] 41 root - INFO - Save df to feature store folder
[ 2023-01-21 17:26:38,530 ] 46 root - INFO - split dataset into train and test set
[ 2023-01-21 17:26:41,515 ] 50 root - INFO - create dataset directory folder if not available
[ 2023-01-21 17:26:41,516 ] 55 root - INFO - Save df to feature store folder
[ 2023-01-21 17:26:46,685 ] 67 root - INFO - Data ingestion artifact: DataIngestionArtifact(feature_store_file_path='/config/workspace/artifact/01212023__172618/data_ingestion/feature_store/sensor.csv', train_file_path='/config/workspace/artifact/01212023__172618/data_ingestion/dataset/train.csv', test_file_path='/config/workspace/artifact/01212023__172618/data_ingestion/dataset/test.csv')
[ 2023-01-21 17:26:48,447 ] 18 root - INFO - >>>>>>>>>>>>>>>>>>>>>>>>>>>>>>>>>>>>>>>> Data Validation <<<<<<<<<<<<<<<<<<<<<<<<<<<<<<<<<<<<<<<<
[ 2023-01-21 17:26:55,150 ] 38 root - INFO - electing the columns name with null value more than threshold
[ 2023-01-21 17:26:56,675 ] 44 root - INFO - Dropped columns ['ab_000', 'ad_000', 'bk_000', 'bl_000', 'bm_000', 'bn_000', 'bo_000', 'bp_000', 'bq_000', 'br_000', 'cf_000', 'cg_000', 'ch_000', 'co_000', 'cr_000', 'ct_000', 'cu_000', 'cv_000', 'cx_000', 'cy_000', 'cz_000', 'da_000', 'db_000', 'dc_000']
[ 2023-01-21 17:26:58,247 ] 38 root - INFO - electing the columns name with null value more than threshold
[ 2023-01-21 17:26:58,274 ] 44 root - INFO - Dropped columns ['ab_000', 'ad_000', 'bk_000', 'bl_000', 'bm_000', 'bn_000', 'bo_000', 'bp_000', 'bq_000', 'br_000', 'cf_000', 'cg_000', 'ch_000', 'co_000', 'cr_000', 'ct_000', 'cu_000', 'cv_000', 'cx_000', 'cy_000', 'cz_000', 'da_000', 'db_000', 'dc_000']
[ 2023-01-21 17:26:58,303 ] 38 root - INFO - electing the columns name with null value more than threshold
[ 2023-01-21 17:26:58,313 ] 44 root - INFO - Dropped columns ['ab_000', 'ad_000', 'bk_000', 'bl_000', 'bm_000', 'bn_000', 'bo_000', 'bp_000', 'bq_000', 'br_000', 'cf_000', 'cg_000', 'ch_000', 'co_000', 'cr_000', 'ct_000', 'cu_000', 'cv_000', 'cx_000', 'cy_000', 'cz_000', 'da_000', 'db_000', 'dc_000']
[ 2023-01-21 17:27:19,189 ] 25 root - INFO - >>>>>>>>>>>>>>>>>>>>>>>>>>>>>>>>>>>>>>>> Data Transformation <<<<<<<<<<<<<<<<<<<<<<<<<<<<<<<<<<<<<<<<
[ 2023-01-21 17:27:21,349 ] 76 root - INFO - Before resampling in training set Input: (28950, 170) Target:(28950,)
[ 2023-01-21 17:28:10,142 ] 78 root - INFO - After resampling in training set Input: (56152, 170) Target:(56152,)
[ 2023-01-21 17:28:10,143 ] 80 root - INFO - Before resampling in testing set Input: (7238, 170) Target:(7238,)
[ 2023-01-21 17:28:20,023 ] 82 root - INFO - After resampling in testing set Input: (14072, 170) Target:(14072,)
[ 2023-01-21 17:28:20,338 ] 55 root - INFO - Entered the save_object method of utils
[ 2023-01-21 17:28:20,344 ] 59 root - INFO - Exited the save_object method of utils
[ 2023-01-21 17:28:20,345 ] 55 root - INFO - Entered the save_object method of utils
[ 2023-01-21 17:28:20,346 ] 59 root - INFO - Exited the save_object method of utils
[ 2023-01-21 17:28:20,347 ] 112 root - INFO - Data transformation object DataTransformationArtifact(transform_object_path='/config/workspace/artifact/01212023__172618/data_transformation/transformer/transformer.pkl', transformed_train_path='/config/workspace/artifact/01212023__172618/data_transformation/transformed/train.npz', transformed_test_path='/config/workspace/artifact/01212023__172618/data_transformation/transformed/test.npz', target_encoder_path='/config/workspace/artifact/01212023__172618/data_transformation/target_encoder/target_encoder.pkl')
[ 2023-01-21 17:28:20,350 ] 20 root - INFO - >>>>>>>>>>>>>>>>>>>>>>>>>>>>>>>>>>>>>>>> Model Trainer <<<<<<<<<<<<<<<<<<<<<<<<<<<<<<<<<<<<<<<<
