[ 2023-01-25 18:53:19,347 ] 18 root - INFO - >>>>>>>>>>>>>>>>>>>>>>>>>>>>>>>>>>>>>>>> Data Ingestion <<<<<<<<<<<<<<<<<<<<<<<<<<<<<<<<<<<<<<<<
[ 2023-01-25 18:53:19,348 ] 25 root - INFO - Exporting collection data as pandas dataframe
[ 2023-01-25 18:53:19,348 ] 23 root - INFO - Reading data from database: aps and collection: sensor
[ 2023-01-25 18:53:31,150 ] 25 root - INFO - Found columns: Index(['_id', 'class', 'aa_000', 'ab_000', 'ac_000', 'ad_000', 'ae_000',
       'af_000', 'ag_000', 'ag_001',
       ...
       'ee_002', 'ee_003', 'ee_004', 'ee_005', 'ee_006', 'ee_007', 'ee_008',
       'ee_009', 'ef_000', 'eg_000'],
      dtype='object', length=172)
[ 2023-01-25 18:53:31,151 ] 27 root - INFO - Dropping column: _id 
[ 2023-01-25 18:53:31,965 ] 29 root - INFO - Row and columns in df: (36188, 171)
[ 2023-01-25 18:53:31,965 ] 31 root - INFO - Save data in feature store
[ 2023-01-25 18:53:33,346 ] 37 root - INFO - Create feature store folder if not available
[ 2023-01-25 18:53:33,347 ] 41 root - INFO - Save df to feature store folder
[ 2023-01-25 18:53:37,892 ] 46 root - INFO - split dataset into train and test set
[ 2023-01-25 18:53:39,746 ] 50 root - INFO - create dataset directory folder if not available
[ 2023-01-25 18:53:39,746 ] 55 root - INFO - Save df to feature store folder
[ 2023-01-25 18:53:44,105 ] 67 root - INFO - Data ingestion artifact: DataIngestionArtifact(feature_store_file_path='/config/workspace/artifact/01252023__185319/data_ingestion/feature_store/sensor.csv', train_file_path='/config/workspace/artifact/01252023__185319/data_ingestion/dataset/train.csv', test_file_path='/config/workspace/artifact/01252023__185319/data_ingestion/dataset/test.csv')
[ 2023-01-25 18:53:45,256 ] 18 root - INFO - >>>>>>>>>>>>>>>>>>>>>>>>>>>>>>>>>>>>>>>> Data Validation <<<<<<<<<<<<<<<<<<<<<<<<<<<<<<<<<<<<<<<<
[ 2023-01-25 18:53:50,617 ] 38 root - INFO - electing the columns name with null value more than threshold
[ 2023-01-25 18:53:52,110 ] 44 root - INFO - Dropped columns ['ab_000', 'ad_000', 'bk_000', 'bl_000', 'bm_000', 'bn_000', 'bo_000', 'bp_000', 'bq_000', 'br_000', 'cf_000', 'cg_000', 'ch_000', 'co_000', 'cr_000', 'ct_000', 'cu_000', 'cv_000', 'cx_000', 'cy_000', 'cz_000', 'da_000', 'db_000', 'dc_000']
[ 2023-01-25 18:53:53,194 ] 38 root - INFO - electing the columns name with null value more than threshold
[ 2023-01-25 18:53:53,216 ] 44 root - INFO - Dropped columns ['ab_000', 'ad_000', 'bk_000', 'bl_000', 'bm_000', 'bn_000', 'bo_000', 'bp_000', 'bq_000', 'br_000', 'cf_000', 'cg_000', 'ch_000', 'co_000', 'cr_000', 'ct_000', 'cu_000', 'cv_000', 'cx_000', 'cy_000', 'cz_000', 'da_000', 'db_000', 'dc_000']
[ 2023-01-25 18:53:53,236 ] 38 root - INFO - electing the columns name with null value more than threshold
[ 2023-01-25 18:53:53,244 ] 44 root - INFO - Dropped columns ['ab_000', 'ad_000', 'bk_000', 'bl_000', 'bm_000', 'bn_000', 'bo_000', 'bp_000', 'bq_000', 'br_000', 'cf_000', 'cg_000', 'ch_000', 'co_000', 'cr_000', 'ct_000', 'cu_000', 'cv_000', 'cx_000', 'cy_000', 'cz_000', 'da_000', 'db_000', 'dc_000']
[ 2023-01-25 18:54:10,143 ] 25 root - INFO - >>>>>>>>>>>>>>>>>>>>>>>>>>>>>>>>>>>>>>>> Data Transformation <<<<<<<<<<<<<<<<<<<<<<<<<<<<<<<<<<<<<<<<
[ 2023-01-25 18:54:11,705 ] 76 root - INFO - Before resampling in training set Input: (28950, 170) Target:(28950,)
[ 2023-01-25 18:54:49,045 ] 78 root - INFO - After resampling in training set Input: (56152, 170) Target:(56152,)
[ 2023-01-25 18:54:49,046 ] 80 root - INFO - Before resampling in testing set Input: (7238, 170) Target:(7238,)
[ 2023-01-25 18:54:56,569 ] 82 root - INFO - After resampling in testing set Input: (14072, 170) Target:(14072,)
[ 2023-01-25 18:54:56,783 ] 55 root - INFO - Entered the save_object method of utils
[ 2023-01-25 18:54:56,788 ] 59 root - INFO - Exited the save_object method of utils
[ 2023-01-25 18:54:56,788 ] 55 root - INFO - Entered the save_object method of utils
[ 2023-01-25 18:54:56,790 ] 59 root - INFO - Exited the save_object method of utils
[ 2023-01-25 18:54:56,790 ] 112 root - INFO - Data transformation object DataTransformationArtifact(transform_object_path='/config/workspace/artifact/01252023__185319/data_transformation/transformer/transformer.pkl', transformed_train_path='/config/workspace/artifact/01252023__185319/data_transformation/transformed/train.npz', transformed_test_path='/config/workspace/artifact/01252023__185319/data_transformation/transformed/test.npz', target_encoder_path='/config/workspace/artifact/01252023__185319/data_transformation/target_encoder/target_encoder.pkl')
[ 2023-01-25 18:54:56,792 ] 20 root - INFO - >>>>>>>>>>>>>>>>>>>>>>>>>>>>>>>>>>>>>>>> Model Trainer <<<<<<<<<<<<<<<<<<<<<<<<<<<<<<<<<<<<<<<<
[ 2023-01-25 18:54:56,792 ] 46 root - INFO - Loading train and test array.
[ 2023-01-25 18:54:56,857 ] 50 root - INFO - Splitting input and target feature from both train and test arr.
[ 2023-01-25 18:54:56,858 ] 54 root - INFO - Train the model
[ 2023-01-25 18:58:34,136 ] 57 root - INFO - Calculating f1 train score
[ 2023-01-25 18:58:34,312 ] 61 root - INFO - Calculating f1 test score
[ 2023-01-25 18:58:34,418 ] 65 root - INFO - train score:0.9999821908781678 and tests score 0.9694011365292147
[ 2023-01-25 18:58:34,418 ] 67 root - INFO - Checking if our model is underfitting or not
[ 2023-01-25 18:58:34,418 ] 72 root - INFO - Checking if our model is overfiiting or not
[ 2023-01-25 18:58:34,419 ] 79 root - INFO - Saving mode object
[ 2023-01-25 18:58:34,419 ] 55 root - INFO - Entered the save_object method of utils
[ 2023-01-25 18:58:34,455 ] 59 root - INFO - Exited the save_object method of utils
[ 2023-01-25 18:58:34,455 ] 83 root - INFO - Prepare the artifact
[ 2023-01-25 18:58:34,455 ] 86 root - INFO - Model trainer artifact: ModelTrainerArtifact(model_path='/config/workspace/artifact/01252023__185319/model_trainer/model/model.pkl', f1_train_score=0.9999821908781678, f1_test_score=0.9694011365292147)
[ 2023-01-25 18:58:34,456 ] 19 root - INFO - >>>>>>>>>>>>>>>>>>>>>>>>>>>>>>>>>>>>>>>>  Model Evaluation <<<<<<<<<<<<<<<<<<<<<<<<<<<<<<<<<<<<<<<<
[ 2023-01-25 18:58:34,457 ] 14 root - INFO - >>>>>>>>>>>>>>>>>>>>>>>>>>>>>>>>>>>>>>>> Data Transformation <<<<<<<<<<<<<<<<<<<<<<<<<<<<<<<<<<<<<<<<
[ 2023-01-25 18:58:34,457 ] 25 root - INFO - Loading transformer model and target encoder
[ 2023-01-25 18:58:34,494 ] 31 root - INFO - Saving model into model pusher directory
[ 2023-01-25 18:58:34,494 ] 55 root - INFO - Entered the save_object method of utils
[ 2023-01-25 18:58:34,497 ] 59 root - INFO - Exited the save_object method of utils
[ 2023-01-25 18:58:34,497 ] 55 root - INFO - Entered the save_object method of utils
[ 2023-01-25 18:58:34,539 ] 59 root - INFO - Exited the save_object method of utils
[ 2023-01-25 18:58:34,540 ] 55 root - INFO - Entered the save_object method of utils
[ 2023-01-25 18:58:34,541 ] 59 root - INFO - Exited the save_object method of utils
[ 2023-01-25 18:58:34,541 ] 38 root - INFO - Saving model in saved model dir
[ 2023-01-25 18:58:34,541 ] 55 root - INFO - Entered the save_object method of utils
[ 2023-01-25 18:58:34,545 ] 59 root - INFO - Exited the save_object method of utils
[ 2023-01-25 18:58:34,545 ] 55 root - INFO - Entered the save_object method of utils
[ 2023-01-25 18:58:34,577 ] 59 root - INFO - Exited the save_object method of utils
[ 2023-01-25 18:58:34,577 ] 55 root - INFO - Entered the save_object method of utils
[ 2023-01-25 18:58:34,578 ] 59 root - INFO - Exited the save_object method of utils
[ 2023-01-25 18:58:34,579 ] 49 root - INFO - Model pusher artifact: ModelPusherArtifact(pusher_model_dir='/config/workspace/artifact/01252023__185319/model_pusher/saved_models', saved_model_dir='saved_models')
