[ 2023-01-29 00:32:40,833 ] 18 root - INFO - >>>>>>>>>>>>>>>>>>>>>>>>>>>>>>>>>>>>>>>> Data Ingestion <<<<<<<<<<<<<<<<<<<<<<<<<<<<<<<<<<<<<<<<
[ 2023-01-29 00:32:40,833 ] 25 root - INFO - Exporting collection data as pandas dataframe
[ 2023-01-29 00:32:40,833 ] 23 root - INFO - Reading data from database: aps and collection: sensor
[ 2023-01-29 00:32:44,556 ] 25 root - INFO - Found columns: Index(['_id', 'class', 'aa_000', 'ab_000', 'ac_000', 'ad_000', 'ae_000',
       'af_000', 'ag_000', 'ag_001',
       ...
       'ee_002', 'ee_003', 'ee_004', 'ee_005', 'ee_006', 'ee_007', 'ee_008',
       'ee_009', 'ef_000', 'eg_000'],
      dtype='object', length=172)
[ 2023-01-29 00:32:44,557 ] 27 root - INFO - Dropping column: _id 
[ 2023-01-29 00:32:44,752 ] 29 root - INFO - Row and columns in df: (36188, 171)
[ 2023-01-29 00:32:44,752 ] 31 root - INFO - Save data in feature store
[ 2023-01-29 00:32:45,283 ] 37 root - INFO - Create feature store folder if not available
[ 2023-01-29 00:32:45,284 ] 41 root - INFO - Save df to feature store folder
[ 2023-01-29 00:32:47,695 ] 46 root - INFO - split dataset into train and test set
[ 2023-01-29 00:32:48,194 ] 50 root - INFO - create dataset directory folder if not available
[ 2023-01-29 00:32:48,195 ] 55 root - INFO - Save df to feature store folder
[ 2023-01-29 00:32:50,385 ] 67 root - INFO - Data ingestion artifact: DataIngestionArtifact(feature_store_file_path='/config/workspace/artifact/01292023__003240/data_ingestion/feature_store/sensor.csv', train_file_path='/config/workspace/artifact/01292023__003240/data_ingestion/dataset/train.csv', test_file_path='/config/workspace/artifact/01292023__003240/data_ingestion/dataset/test.csv')
[ 2023-01-29 00:32:50,810 ] 18 root - INFO - >>>>>>>>>>>>>>>>>>>>>>>>>>>>>>>>>>>>>>>> Data Validation <<<<<<<<<<<<<<<<<<<<<<<<<<<<<<<<<<<<<<<<
[ 2023-01-29 00:32:53,595 ] 38 root - INFO - electing the columns name with null value more than threshold
[ 2023-01-29 00:32:54,519 ] 44 root - INFO - Dropped columns ['ab_000', 'ad_000', 'bk_000', 'bl_000', 'bm_000', 'bn_000', 'bo_000', 'bp_000', 'bq_000', 'br_000', 'cf_000', 'cg_000', 'ch_000', 'co_000', 'cr_000', 'ct_000', 'cu_000', 'cv_000', 'cx_000', 'cy_000', 'cz_000', 'da_000', 'db_000', 'dc_000']
[ 2023-01-29 00:32:55,080 ] 38 root - INFO - electing the columns name with null value more than threshold
[ 2023-01-29 00:32:55,100 ] 44 root - INFO - Dropped columns ['ab_000', 'ad_000', 'bk_000', 'bl_000', 'bm_000', 'bn_000', 'bo_000', 'bp_000', 'bq_000', 'br_000', 'cf_000', 'cg_000', 'ch_000', 'co_000', 'cr_000', 'ct_000', 'cu_000', 'cv_000', 'cx_000', 'cy_000', 'cz_000', 'da_000', 'db_000', 'dc_000']
[ 2023-01-29 00:32:55,111 ] 38 root - INFO - electing the columns name with null value more than threshold
[ 2023-01-29 00:32:55,116 ] 44 root - INFO - Dropped columns ['ab_000', 'ad_000', 'bk_000', 'bl_000', 'bm_000', 'bn_000', 'bo_000', 'bp_000', 'bq_000', 'br_000', 'cf_000', 'cg_000', 'ch_000', 'co_000', 'cr_000', 'ct_000', 'cu_000', 'cv_000', 'cx_000', 'cy_000', 'cz_000', 'da_000', 'db_000', 'dc_000']
[ 2023-01-29 00:33:05,025 ] 25 root - INFO - >>>>>>>>>>>>>>>>>>>>>>>>>>>>>>>>>>>>>>>> Data Transformation <<<<<<<<<<<<<<<<<<<<<<<<<<<<<<<<<<<<<<<<
[ 2023-01-29 00:33:05,937 ] 76 root - INFO - Before resampling in training set Input: (28950, 170) Target:(28950,)
[ 2023-01-29 00:33:11,546 ] 78 root - INFO - After resampling in training set Input: (56152, 170) Target:(56152,)
[ 2023-01-29 00:33:11,547 ] 80 root - INFO - Before resampling in testing set Input: (7238, 170) Target:(7238,)
[ 2023-01-29 00:33:12,469 ] 82 root - INFO - After resampling in testing set Input: (14072, 170) Target:(14072,)
[ 2023-01-29 00:33:12,577 ] 55 root - INFO - Entered the save_object method of utils
[ 2023-01-29 00:33:12,580 ] 59 root - INFO - Exited the save_object method of utils
[ 2023-01-29 00:33:12,580 ] 55 root - INFO - Entered the save_object method of utils
[ 2023-01-29 00:33:12,581 ] 59 root - INFO - Exited the save_object method of utils
[ 2023-01-29 00:33:12,581 ] 112 root - INFO - Data transformation object DataTransformationArtifact(transform_object_path='/config/workspace/artifact/01292023__003240/data_transformation/transformer/transformer.pkl', transformed_train_path='/config/workspace/artifact/01292023__003240/data_transformation/transformed/train.npz', transformed_test_path='/config/workspace/artifact/01292023__003240/data_transformation/transformed/test.npz', target_encoder_path='/config/workspace/artifact/01292023__003240/data_transformation/target_encoder/target_encoder.pkl')
[ 2023-01-29 00:33:12,582 ] 20 root - INFO - >>>>>>>>>>>>>>>>>>>>>>>>>>>>>>>>>>>>>>>> Model Trainer <<<<<<<<<<<<<<<<<<<<<<<<<<<<<<<<<<<<<<<<
[ 2023-01-29 00:33:12,582 ] 46 root - INFO - Loading train and test array.
[ 2023-01-29 00:33:12,612 ] 50 root - INFO - Splitting input and target feature from both train and test arr.
[ 2023-01-29 00:33:12,612 ] 54 root - INFO - Train the model
[ 2023-01-29 00:33:19,915 ] 57 root - INFO - Calculating f1 train score
[ 2023-01-29 00:33:19,968 ] 61 root - INFO - Calculating f1 test score
[ 2023-01-29 00:33:19,986 ] 65 root - INFO - train score:0.9999821908781678 and tests score 0.9694011365292147
[ 2023-01-29 00:33:19,986 ] 67 root - INFO - Checking if our model is underfitting or not
[ 2023-01-29 00:33:19,987 ] 72 root - INFO - Checking if our model is overfiiting or not
[ 2023-01-29 00:33:19,987 ] 79 root - INFO - Saving mode object
[ 2023-01-29 00:33:19,987 ] 55 root - INFO - Entered the save_object method of utils
[ 2023-01-29 00:33:19,991 ] 59 root - INFO - Exited the save_object method of utils
[ 2023-01-29 00:33:19,992 ] 83 root - INFO - Prepare the artifact
[ 2023-01-29 00:33:19,992 ] 86 root - INFO - Model trainer artifact: ModelTrainerArtifact(model_path='/config/workspace/artifact/01292023__003240/model_trainer/model/model.pkl', f1_train_score=0.9999821908781678, f1_test_score=0.9694011365292147)
[ 2023-01-29 00:33:19,993 ] 19 root - INFO - >>>>>>>>>>>>>>>>>>>>>>>>>>>>>>>>>>>>>>>>  Model Evaluation <<<<<<<<<<<<<<<<<<<<<<<<<<<<<<<<<<<<<<<<
[ 2023-01-29 00:33:19,993 ] 35 root - INFO - if saved model folder has model the we will compare which model is best trained or the model from saved model folder
[ 2023-01-29 00:33:19,993 ] 46 root - INFO - Finding location of transformer model and target encoder
[ 2023-01-29 00:33:19,994 ] 51 root - INFO - Previous trained objects of transformer, model and target encoder
[ 2023-01-29 00:33:19,999 ] 58 root - INFO - Currently trained model objects
[ 2023-01-29 00:33:20,156 ] 76 root - INFO - Accuracy using previous trained model: 0.8
[ 2023-01-29 00:33:20,192 ] 85 root - INFO - Accuracy using current trained model: 0.8
[ 2023-01-29 00:33:20,192 ] 87 root - INFO - Current trained model is not better than previous model
